<?xml version="1.0" encoding="UTF-8"?>
<testsuite name="DLMTask1Tests" tests="1" skipped="0" failures="0" errors="0" timestamp="2023-01-05T21:43:27" hostname="DESKTOP-MPOU9OU" time="3.23">
  <properties/>
  <testcase name="testSolution()" classname="DLMTask1Tests" time="3.23"/>
  <system-out><![CDATA[23:43:27.169 [Test worker] DEBUG reactor.util.Loggers - Using Slf4j logging framework
23:43:28.881 [Test worker] DEBUG reactor.core.publisher.Hooks - Enabling stacktrace debugging via onOperatorDebug
23:43:29.009 [single-1] INFO reactor.Flux.OnAssembly.1 - | onSubscribe([Fuseable] FluxOnAssembly.OnAssemblySubscriber)
23:43:29.021 [single-1] INFO reactor.Flux.OnAssembly.1 - | request(unbounded)
23:43:29.264 [single-1] INFO reactor.Flux.OnAssembly.1 - | onNext(1)
23:43:29.374 [single-1] INFO reactor.Flux.OnAssembly.1 - | onNext(0)
23:43:29.485 [single-1] INFO reactor.Flux.OnAssembly.1 - | onNext(0)
23:43:29.596 [single-1] INFO reactor.Flux.OnAssembly.1 - | onNext(0)
23:43:29.707 [single-1] INFO reactor.Flux.OnAssembly.1 - | onNext(0)
23:43:29.818 [single-1] INFO reactor.Flux.OnAssembly.1 - | onNext(0)
23:43:29.929 [single-1] INFO reactor.Flux.OnAssembly.1 - | onNext(1)
23:43:30.040 [single-1] INFO reactor.Flux.OnAssembly.1 - | onNext(1)
23:43:30.150 [single-1] INFO reactor.Flux.OnAssembly.1 - | onNext(1)
23:43:30.258 [single-1] INFO reactor.Flux.OnAssembly.1 - | onNext(1)
23:43:30.259 [single-1] INFO reactor.Flux.OnAssembly.1 - | cancel()
]]></system-out>
  <system-err><![CDATA[]]></system-err>
</testsuite>
